-------------------------------------------------
Undirected Node Graph: nodes: 35, edges: 42
   1 [2]   2  3
   2 [6]   1  3  7 10 16 26
   3 [5]   1  2  5  6 11
   4 [2]   5  9
   5 [2]   3  4
   6 [2]   3  7
   7 [9]   2  6 11 15 17 20 21 24 26
   8 [6]   9 11 12 13 15 16
   9 [2]   4  8
  10 [4]   2 15 26 34
  11 [3]   3  7  8
  12 [1]   8
  13 [2]   8 14
  14 [1]  13
  15 [5]   7  8 10 18 33
  16 [2]   2  8
  17 [1]   7
  18 [4]  15 19 25 26
  19 [1]  18
  20 [1]   7
  21 [1]   7
  22 [1]  23
  23 [1]  22
  24 [1]   7
  25 [1]  18
  26 [7]   2  7 10 18 27 30 35
  27 [1]  26
  28 [1]  29
  29 [1]  28
  30 [3]  26 31 32
  31 [1]  30
  32 [1]  30
  33 [1]  15
  34 [1]  10
  35 [1]  26

Community: 
1
2
3
Community: 
4
5
9
Community: 
6
7
17
20
21
24
Community: 
8
11
12
13
14
16
Community: 
10
26
27
30
31
32
34
35
Community: 
15
18
19
25
33
Community: 
22
23
Community: 
28
29
The modularity of the network is 0.502834
